<?xml version="1.0" encoding="UTF-8"?>
<testsuite xmlns:xsi="http://www.w3.org/2001/XMLSchema-instance" xsi:noNamespaceSchemaLocation="https://maven.apache.org/surefire/maven-surefire-plugin/xsd/surefire-test-report-3.0.xsd" version="3.0" name="com.example.demo.EvotingApplicationTests" time="5.911" tests="1" errors="0" skipped="0" failures="0">
  <properties>
[...]
</properties>
  <testcase name="contextLoads" classname="com.example.demo.EvotingApplicationTests" time="1.135">
    <system-out><![CDATA[00:09:28.103 [main] INFO org.springframework.test.context.support.AnnotationConfigContextLoaderUtils -- Could not detect default configuration classes for test class [com.example.demo.EvotingApplicationTests]: EvotingApplicationTests does not declare any static, non-private, non-final, nested classes annotated with @Configuration.
00:09:28.300 [main] INFO org.springframework.boot.test.context.SpringBootTestContextBootstrapper -- Found @SpringBootConfiguration com.example.demo.EvotingApplication for test class com.example.demo.EvotingApplicationTests

  .   ____          _            __ _ _
 /\\ / ___'_ __ _ _(_)_ __  __ _ \ \ \ \
( ( )\___ | '_ | '_| | '_ \/ _` | \ \ \ \
 \\/  ___)| |_)| | | | | || (_| |  ) ) ) )
  '  |____| .__|_| |_|_| |_\__, | / / / /
 =========|_|==============|___/=/_/_/_/
 :: Spring Boot ::                (v3.2.4)

2024-04-12T00:09:28.891-05:00  INFO 26608 --- [evoting] [           main] c.example.demo.EvotingApplicationTests   : Starting EvotingApplicationTests using Java 20.0.2 with PID 26608 (started by 19049 in C:\Users\19049\Videos\Spring\Distributed Computing\evoting\demo)
2024-04-12T00:09:28.894-05:00  INFO 26608 --- [evoting] [           main] c.example.demo.EvotingApplicationTests   : No active profile set, falling back to 1 default profile: "default"
2024-04-12T00:09:29.884-05:00  INFO 26608 --- [evoting] [           main] faultConfiguringBeanFactoryPostProcessor : No bean named 'errorChannel' has been explicitly defined. Therefore, a default PublishSubscribeChannel will be created.
2024-04-12T00:09:29.899-05:00  INFO 26608 --- [evoting] [           main] faultConfiguringBeanFactoryPostProcessor : No bean named 'integrationHeaderChannelRegistry' has been explicitly defined. Therefore, a default DefaultHeaderChannelRegistry will be created.
2024-04-12T00:09:30.469-05:00  INFO 26608 --- [evoting] [           main] o.s.b.a.w.s.WelcomePageHandlerMapping    : Adding welcome page: class path resource [static/index.html]
2024-04-12T00:09:30.983-05:00  INFO 26608 --- [evoting] [           main] c.g.c.s.core.DefaultCredentialsProvider  : Default credentials provider for user 764086051850-6qr4p6gpi6hn506pt8ejuq83di341hur.apps.googleusercontent.com
2024-04-12T00:09:30.983-05:00  INFO 26608 --- [evoting] [           main] c.g.c.s.core.DefaultCredentialsProvider  : Scopes in use by default credentials: [https://www.googleapis.com/auth/pubsub, https://www.googleapis.com/auth/spanner.admin, https://www.googleapis.com/auth/spanner.data, https://www.googleapis.com/auth/datastore, https://www.googleapis.com/auth/sqlservice.admin, https://www.googleapis.com/auth/devstorage.read_only, https://www.googleapis.com/auth/devstorage.read_write, https://www.googleapis.com/auth/cloudruntimeconfig, https://www.googleapis.com/auth/trace.append, https://www.googleapis.com/auth/cloud-platform, https://www.googleapis.com/auth/cloud-vision, https://www.googleapis.com/auth/bigquery, https://www.googleapis.com/auth/monitoring.write]
2024-04-12T00:09:31.112-05:00  INFO 26608 --- [evoting] [           main] c.g.c.s.a.c.GcpContextAutoConfiguration  : The default project ID is aravindblog
2024-04-12T00:09:32.537-05:00  INFO 26608 --- [evoting] [           main] o.s.i.endpoint.EventDrivenConsumer       : Adding {logging-channel-adapter:_org.springframework.integration.errorLogger} as a subscriber to the 'errorChannel' channel
2024-04-12T00:09:32.537-05:00  INFO 26608 --- [evoting] [           main] o.s.i.channel.PublishSubscribeChannel    : Channel 'evoting.errorChannel' has 1 subscriber(s).
2024-04-12T00:09:32.538-05:00  INFO 26608 --- [evoting] [           main] o.s.i.endpoint.EventDrivenConsumer       : started bean '_org.springframework.integration.errorLogger'
2024-04-12T00:09:32.549-05:00  INFO 26608 --- [evoting] [           main] c.example.demo.EvotingApplicationTests   : Started EvotingApplicationTests in 4.0 seconds (process running for 5.583)
]]></system-out>
  </testcase>
</testsuite>